<?xml version="1.0" encoding="UTF-8"?>
<!-- Generated by org.testng.reporters.JUnitReportReporter -->
<testsuite skipped="0" hostname="EPINHYDW011F" name="utilities.ExtentReportUsingTestNG" tests="1" failures="0" timestamp="2020-03-11T19:15:51 IST" time="0.006" errors="0">
  <testcase name="test" time="0.006" classname="utilities.ExtentReportUsingTestNG"/>
  <system-out/>
</testsuite> <!-- utilities.ExtentReportUsingTestNG -->
