<?xml version="1.0" encoding="UTF-8"?>
<!-- Generated by org.testng.reporters.JUnitReportReporter -->
<testsuite skipped="0" hostname="LAPTOP-DI6D2RTE" name="user1.BrowserTest" tests="1" failures="0" timestamp="2020-03-15T22:19:29 IST" time="25.782" errors="0">
  <testcase name="bookingSearch" time="25.782" classname="user1.BrowserTest"/>
  <system-out/>
</testsuite> <!-- user1.BrowserTest -->
