<?xml version="1.0" encoding="UTF-8"?>
<!-- Generated by org.testng.reporters.JUnitReportReporter -->
<testsuite skipped="0" hostname="LAPTOP-DI6D2RTE" name="user1.BaseTest" tests="1" failures="0" timestamp="2020-03-15T10:36:10 IST" time="9.791" errors="0">
  <testcase name="bookingSearch" time="9.791" classname="user1.BaseTest"/>
  <system-out/>
</testsuite> <!-- user1.BaseTest -->
