<?xml version="1.0" encoding="UTF-8"?>
<!-- Generated by org.testng.reporters.JUnitReportReporter -->
<testsuite skipped="0" hostname="EPINHYDW011F" name="testNG.BrowserTest" tests="1" failures="0" timestamp="2020-03-10T15:13:31 IST" time="10.725" errors="0">
  <testcase name="bookingSearch" time="10.725" classname="testNG.BrowserTest"/>
  <system-out/>
</testsuite> <!-- testNG.BrowserTest -->
